{"C:\\Users\\josep\\Desktop\\proyectos\\The Last Dance\\chekme-back\\src\\server\\middlewares\\errors.js": {"path":"C:\\Users\\josep\\Desktop\\proyectos\\The Last Dance\\chekme-back\\src\\server\\middlewares\\errors.js","statementMap":{"0":{"start":{"line":1,"column":0},"end":{"line":1,"column":27}},"1":{"start":{"line":2,"column":14},"end":{"line":2,"column":48}},"2":{"start":{"line":3,"column":14},"end":{"line":3,"column":30}},"3":{"start":{"line":5,"column":17},"end":{"line":8,"column":1}},"4":{"start":{"line":6,"column":2},"end":{"line":6,"column":28}},"5":{"start":{"line":7,"column":2},"end":{"line":7,"column":52}},"6":{"start":{"line":11,"column":21},"end":{"line":16,"column":1}},"7":{"start":{"line":12,"column":20},"end":{"line":12,"column":43}},"8":{"start":{"line":13,"column":23},"end":{"line":13,"column":78}},"9":{"start":{"line":14,"column":2},"end":{"line":14,"column":46}},"10":{"start":{"line":15,"column":2},"end":{"line":15,"column":52}},"11":{"start":{"line":18,"column":0},"end":{"line":21,"column":2}}},"fnMap":{"0":{"name":"(anonymous_0)","decl":{"start":{"line":5,"column":17},"end":{"line":5,"column":18}},"loc":{"start":{"line":5,"column":31},"end":{"line":8,"column":1}},"line":5},"1":{"name":"(anonymous_1)","decl":{"start":{"line":11,"column":21},"end":{"line":11,"column":22}},"loc":{"start":{"line":11,"column":48},"end":{"line":16,"column":1}},"line":11}},"branchMap":{"0":{"loc":{"start":{"line":12,"column":20},"end":{"line":12,"column":43}},"type":"binary-expr","locations":[{"start":{"line":12,"column":20},"end":{"line":12,"column":36}},{"start":{"line":12,"column":40},"end":{"line":12,"column":43}}],"line":12},"1":{"loc":{"start":{"line":13,"column":23},"end":{"line":13,"column":78}},"type":"cond-expr","locations":[{"start":{"line":13,"column":42},"end":{"line":13,"column":61}},{"start":{"line":13,"column":64},"end":{"line":13,"column":78}}],"line":13}},"s":{"0":1,"1":1,"2":1,"3":1,"4":2,"5":2,"6":1,"7":4,"8":4,"9":4,"10":4,"11":1},"f":{"0":2,"1":4},"b":{"0":[4,2],"1":[2,2]},"_coverageSchema":"1a1c01bbd47fc00a2c39e90264f33305004495a9","hash":"ee217661688cfbb32945d679a70d1f047e2ecac7"}
}
